%%%%%%%%%%%%%%%%%%%%%%%%%%%%%%%%%%%%%%%%%%%%%%%%%%%%%%%%%%%%%%%%%%%%%%%%%%%%%%%%
                          S u m m a r y   R e p o r t
%%%%%%%%%%%%%%%%%%%%%%%%%%%%%%%%%%%%%%%%%%%%%%%%%%%%%%%%%%%%%%%%%%%%%%%%%%%%%%%%

Compilation
-----------
File     : /cray/css/users/smehta/hpcg-orig/src/ComputeDotProduct.cpp
Compiled : 2020-06-04  19:33:18
Compiler : Version 10.0.x.x
Ftnlx    : Version 10.0.x.x 
Target   : arm64
Command  : driver.CC -h cpu=arm-nsp1 -h network=aries -h dynamic -D __CRAYXC
           -D __CRAY_ARM_NSP1 -D __CRAY_AARCH64
           -D __CRAYXT_COMPUTE_LINUX_TARGET -I ./src -I ./src/CCE -h list=m
           -h omp -c -o src/ComputeDotProduct.o src/ComputeDotProduct.cpp
           -W l,-rpath=/cray/css/compiler/builds/release/cce/10.0.20200603211505
           _15e263491fba367aa4f23381e4b9aafeb285582e/cce/aarch64/lib
           -isystem /cray/css/compiler/builds/release/cce/10.0.20200603211505_15
           e263491fba367aa4f23381e4b9aafeb285582e/cce/aarch64/include/craylibs
           -isystem /opt/gcc/8.1.0/snos/include/g++
           -isystem /opt/gcc/8.1.0/snos/include/g++/aarch64-unknown-linux-gnu
           -isystem /opt/gcc/8.1.0/snos/include/g++/backward
           -isystem /opt/gcc/8.1.0/snos/lib/gcc/aarch64-unknown-linux-gnu/8.1.0/
           include
           -isystem /opt/gcc/8.1.0/snos/lib/gcc/aarch64-unknown-linux-gnu/8.1.0/
           include-fixed
           -isystem /cray/css/compiler/builds/release/cce/10.0.20200603211505_15
           e263491fba367aa4f23381e4b9aafeb285582e/cce/aarch64/include/c++
           -isystem /cray/css/compiler/builds/release/cce/10.0.20200603211505_15
           e263491fba367aa4f23381e4b9aafeb285582e/cce/aarch64/include/basic
           -isystem /opt/gcc/8.1.0/snos/include
           -isystem /cray/css/pesim/armv8-sve-cross/moduledirs/aarch64-sle-sysro
           ot/12.1/usr/include
           -I /cray/css/pesim/armv8-sve-cross/moduledirs/anl-mpich/3.2.0.4/aarch
           64/gige/mpich-cray/8.6/include

clx report
------------
Source   : /cray/css/users/smehta/hpcg-orig/src/ComputeDotProduct.cpp
Date     : 06/04/2020  19:33:19


%%%%%%%%%%%%%%%%%%%%%%%%%%%%%%%%%%%%%%%%%%%%%%%%%%%%%%%%%%%%%%%%%%%%%%%%%%%%%%%%
                          S o u r c e   L i s t i n g
%%%%%%%%%%%%%%%%%%%%%%%%%%%%%%%%%%%%%%%%%%%%%%%%%%%%%%%%%%%%%%%%%%%%%%%%%%%%%%%%


     %%%    L o o p m a r k   L e g e n d    %%%

     Primary Loop Type        Modifiers
     ------- ---- ----        ---------
     A - Pattern matched      a - atomic memory operation
                              b - blocked
     C - Collapsed            c - conditional and/or computed
     D - Deleted               
     E - Cloned                
     F - Flat - No calls      f - fused
     G - Accelerated          g - partitioned
     I - Inlined              i - interchanged
     M - Multithreaded        m - partitioned
                              n - non-blocking remote transfer
                              p - partial
     R - Rerolling            r - unrolled
                              s - shortloop
     V - Vectorized           w - unwound

     + - More messages listed at end of listing
     ------------------------------------------


    1.          
    2.          //@HEADER
    3.          // ***************************************************
    4.          //
    5.          // HPCG: High Performance Conjugate Gradient Benchmark
    6.          //
    7.          // Contact:
    8.          // Michael A. Heroux ( maherou@sandia.gov)
    9.          // Jack Dongarra     (dongarra@eecs.utk.edu)
   10.          // Piotr Luszczek    (luszczek@eecs.utk.edu)
   11.          //
   12.          // ***************************************************
   13.          //@HEADER
   14.          
   15.          /*!
   16.           @file ComputeDotProduct.cpp
   17.          
   18.           HPCG routine
   19.           */
   20.          
   21.          #include "ComputeDotProduct.hpp"
   22.          #include "ComputeDotProduct_ref.hpp"
   23.          
   24.          /*!
   25.            Routine to compute the dot product of two vectors.
   26.          
   27.            This routine calls the reference dot-product implementation by default, but
   28.            can be replaced by a custom routine that is optimized and better suited for
   29.            the target system.
   30.          
   31.            @param[in]  n the number of vector elements (on this processor)
   32.            @param[in]  x, y the input vectors
   33.            @param[out] result a pointer to scalar value, on exit will contain the result.
   34.            @param[out] time_allreduce the time it took to perform the communication between processes
   35.            @param[out] isOptimized should be set to false if this routine uses the reference implementation (is not optimized); otherwise leave it unchanged
   36.          
   37.            @return returns 0 upon success and non-zero otherwise
   38.          
   39.            @see ComputeDotProduct_ref
   40.          */
   41.          int ComputeDotProduct(const local_int_t n, const Vector & x, const Vector & y,
   42.              double & result, double & time_allreduce, bool & isOptimized) {
   43.          
   44.            // This line and the next two lines should be removed and your version of ComputeDotProduct should be used.
   45.            isOptimized = false;
   46.  +         return ComputeDotProduct_ref(n, x, y, result, time_allreduce);
   47.          }

CC-3021 CC: IPA ComputeDotProduct, File = ComputeDotProduct.cpp, Line = 46, Column = 3 
  "ComputeDotProduct_ref" was not inlined because the compiler was unable to locate the routine.


%%%%%%%%%%%%%%%%%%%%%%%%%%%%%%%%%%%%%%%%%%%%%%%%%%%%%%%%%%%%%%%%%%%%%%%%%%%%%%%%
%%%%%%%%%%%%%%%%%%%%%%%%%%%%%%%%%%%%%%%%%%%%%%%%%%%%%%%%%%%%%%%%%%%%%%%%%%%%%%%%
