%%%%%%%%%%%%%%%%%%%%%%%%%%%%%%%%%%%%%%%%%%%%%%%%%%%%%%%%%%%%%%%%%%%%%%%%%%%%%%%%
                          S u m m a r y   R e p o r t
%%%%%%%%%%%%%%%%%%%%%%%%%%%%%%%%%%%%%%%%%%%%%%%%%%%%%%%%%%%%%%%%%%%%%%%%%%%%%%%%

Compilation
-----------
File     : /cray/css/users/smehta/hpcg-orig/src/OutputFile.cpp
Compiled : 2020-06-04  19:33:18
Compiler : Version 10.0.x.x
Ftnlx    : Version 10.0.x.x 
Target   : arm64
Command  : driver.CC -h cpu=arm-nsp1 -h network=aries -h dynamic -D __CRAYXC
           -D __CRAY_ARM_NSP1 -D __CRAY_AARCH64
           -D __CRAYXT_COMPUTE_LINUX_TARGET -I ./src -I ./src/CCE -h list=m
           -h omp -c -o src/OutputFile.o src/OutputFile.cpp
           -W l,-rpath=/cray/css/compiler/builds/release/cce/10.0.20200603211505
           _15e263491fba367aa4f23381e4b9aafeb285582e/cce/aarch64/lib
           -isystem /cray/css/compiler/builds/release/cce/10.0.20200603211505_15
           e263491fba367aa4f23381e4b9aafeb285582e/cce/aarch64/include/craylibs
           -isystem /opt/gcc/8.1.0/snos/include/g++
           -isystem /opt/gcc/8.1.0/snos/include/g++/aarch64-unknown-linux-gnu
           -isystem /opt/gcc/8.1.0/snos/include/g++/backward
           -isystem /opt/gcc/8.1.0/snos/lib/gcc/aarch64-unknown-linux-gnu/8.1.0/
           include
           -isystem /opt/gcc/8.1.0/snos/lib/gcc/aarch64-unknown-linux-gnu/8.1.0/
           include-fixed
           -isystem /cray/css/compiler/builds/release/cce/10.0.20200603211505_15
           e263491fba367aa4f23381e4b9aafeb285582e/cce/aarch64/include/c++
           -isystem /cray/css/compiler/builds/release/cce/10.0.20200603211505_15
           e263491fba367aa4f23381e4b9aafeb285582e/cce/aarch64/include/basic
           -isystem /opt/gcc/8.1.0/snos/include
           -isystem /cray/css/pesim/armv8-sve-cross/moduledirs/aarch64-sle-sysro
           ot/12.1/usr/include
           -I /cray/css/pesim/armv8-sve-cross/moduledirs/anl-mpich/3.2.0.4/aarch
           64/gige/mpich-cray/8.6/include

clx report
------------
Source   : /cray/css/users/smehta/hpcg-orig/src/OutputFile.cpp
Date     : 06/04/2020  19:33:20


%%%%%%%%%%%%%%%%%%%%%%%%%%%%%%%%%%%%%%%%%%%%%%%%%%%%%%%%%%%%%%%%%%%%%%%%%%%%%%%%
                          S o u r c e   L i s t i n g
%%%%%%%%%%%%%%%%%%%%%%%%%%%%%%%%%%%%%%%%%%%%%%%%%%%%%%%%%%%%%%%%%%%%%%%%%%%%%%%%


     %%%    L o o p m a r k   L e g e n d    %%%

     Primary Loop Type        Modifiers
     ------- ---- ----        ---------
     A - Pattern matched      a - atomic memory operation
                              b - blocked
     C - Collapsed            c - conditional and/or computed
     D - Deleted               
     E - Cloned                
     F - Flat - No calls      f - fused
     G - Accelerated          g - partitioned
     I - Inlined              i - interchanged
     M - Multithreaded        m - partitioned
                              n - non-blocking remote transfer
                              p - partial
     R - Rerolling            r - unrolled
                              s - shortloop
     V - Vectorized           w - unwound

     + - More messages listed at end of listing
     ------------------------------------------


    1.  +             
    2.                //@HEADER
    3.                // ***************************************************
    4.                //
    5.                // HPCG: High Performance Conjugate Gradient Benchmark
    6.                //
    7.                // Contact:
    8.                // Michael A. Heroux ( maherou@sandia.gov)
    9.                // Jack Dongarra     (dongarra@eecs.utk.edu)
   10.                // Piotr Luszczek    (luszczek@eecs.utk.edu)
   11.                //
   12.                // ***************************************************
   13.                //@HEADER
   14.                
   15.                #define _GLIBCXX_USE_CXX11_ABI 0
   16.                #include <fstream>
   17.                #include <list>
   18.                #include <sstream>
   19.                #include <string>
   20.                
   21.                #include "OutputFile.hpp"
   22.                
   23.                using std::string;
   24.                using std::stringstream;
   25.                using std::list;
   26.                using std::ofstream;
   27.                
   28.                OutputFile::OutputFile(const string & name_arg, const string & version_arg)
   29.  + Ip            : name(name_arg), version(version_arg), eol("\n"), keySeparator("::") {}
   30.                
   31.  + Ip          OutputFile::OutputFile(void) : eol("\n"), keySeparator("::") {}
   32.                
   33.                OutputFile::~OutputFile() {
   34.  + 1 I-------<   for (list<OutputFile*>::iterator it = descendants.begin(); it != descendants.end(); ++it) {
   35.  + 1 I             delete *it;
   36.    1--------->   }
   37.  +             }
   38.                
   39.                void
   40.                OutputFile::add(const string & key_arg, const string & value_arg) {
   41.  +               descendants.push_back(allocKeyVal(key_arg, value_arg));
   42.                }
   43.                
   44.                void
   45.                OutputFile::add(const string & key_arg, double value_arg) {
   46.  +               stringstream ss;
   47.  +               ss << value_arg;
   48.  +               descendants.push_back(allocKeyVal(key_arg, ss.str()));
   49.                }
   50.                
   51.                void
   52.                OutputFile::add(const string & key_arg, int value_arg) {
   53.  +               stringstream ss;
   54.  +               ss << value_arg;
   55.  +               descendants.push_back(allocKeyVal(key_arg, ss.str()));
   56.                }
   57.                
   58.                #ifndef HPCG_NO_LONG_LONG
   59.                
   60.                void
   61.                OutputFile::add(const string & key_arg, long long value_arg) {
   62.  +               stringstream ss;
   63.  +               ss << value_arg;
   64.  +               descendants.push_back(allocKeyVal(key_arg, ss.str()));
   65.                }
   66.                
   67.                #endif
   68.                
   69.                void
   70.                OutputFile::add(const string & key_arg, size_t value_arg) {
   71.  +               stringstream ss;
   72.  +               ss << value_arg;
   73.  +               descendants.push_back(allocKeyVal(key_arg, ss.str()));
   74.                }
   75.                
   76.                void
   77.                OutputFile::setKeyValue(const string & key_arg, const string & value_arg) {
   78.  +               key = key_arg;
   79.  +               value = value_arg;
   80.                }
   81.                
   82.                OutputFile *
   83.                OutputFile::get(const string & key_arg) {
   84.  + 1 I-------<   for (list<OutputFile*>::iterator it = descendants.begin(); it != descendants.end(); ++it) {
   85.    1 Ip  I         if ((*it)->key == key_arg)
   86.    1 I               return *it;
   87.    1--------->   }
   88.                
   89.                  return 0;
   90.                }
   91.                
   92.                string
   93.                OutputFile::generateRecursive(string prefix) {
   94.  +               string result = "";
   95.                
   96.  + Ip            result += prefix + key + "=" + value + eol;
   97.                
   98.  + 1 I-------<   for (list<OutputFile*>::iterator it = descendants.begin(); it != descendants.end(); ++it) {
   99.  + 1 Ip            result += (*it)->generateRecursive(prefix + key + keySeparator);
  100.    1--------->   }
  101.                
  102.                  return result;
  103.                }
  104.                
  105.                string
  106.                OutputFile::generate(void) {
  107.  + Ip            string result = name + "\nversion=" + version + eol;
  108.                
  109.  + 1 I-------<   for (list<OutputFile*>::iterator it = descendants.begin(); it != descendants.end(); ++it) {
  110.  + 1 I             result += (*it)->generateRecursive("");
  111.    1--------->   }
  112.                
  113.                  time_t rawtime;
  114.  +               time(&rawtime);
  115.  +               tm * ptm = localtime(&rawtime);
  116.                  char sdate[25];
  117.                  //use tm_mon+1 because tm_mon is 0 .. 11 instead of 1 .. 12
  118.  +               sprintf (sdate,"%04d-%02d-%02d_%02d-%02d-%02d",ptm->tm_year + 1900, ptm->tm_mon+1,
  119.                        ptm->tm_mday, ptm->tm_hour, ptm->tm_min,ptm->tm_sec);
  120.                
  121.  + Ip            string filename = name + "_" + version + "_";
  122.  + Ip            filename += string(sdate) + ".txt";
  123.                
  124.  +               ofstream myfile(filename.c_str());
  125.  +               myfile << result;
  126.  +               myfile.close();
  127.                
  128.  +               return result;
  129.                }
  130.                
  131.                OutputFile * OutputFile::allocKeyVal(const std::string & key_arg, const std::string & value_arg) {
  132.  +               OutputFile * of = new OutputFile();
  133.    Ip            of->setKeyValue(key_arg, value_arg);
  134.                  return of;
  135.                }

CC-6263 CC: VECTOR ~list, File = OutputFile.cpp, Line = 1 
  A loop was not vectorized because it contains a reference to a non-vector intrinsic on line 1.

CC-3001 CC: IPA <unnamed>, File = move.h, Line = 193, Column = 11 
  Tiny routine "_List_impl"(/cray/css/users/smehta/hpcg-orig/src/OutputFile.cpp:387) was textually inlined and flattened.

CC-3001 CC: IPA ~OutputFile, File = system_error, Line = 53, Column = 40 
  Tiny leaf routine "operator++"(/cray/css/users/smehta/hpcg-orig/src/OutputFile.cpp:217) was textually inlined.

CC-3021 CC: IPA OutputFile, File = stl_list.h, Line = 131, Column = 25 
  "~basic_string" was not inlined because the compiler was unable to locate the routine.

CC-3021 CC: IPA OutputFile, File = stl_list.h, Line = 131, Column = 25 
  "~allocator" was not inlined because the compiler was unable to locate the routine.

CC-3021 CC: IPA OutputFile, File = stl_list.h, Line = 131, Column = 25 
  "~basic_string" was not inlined because the compiler was unable to locate the routine.

CC-3021 CC: IPA OutputFile, File = stl_list.h, Line = 131, Column = 25 
  "~allocator" was not inlined because the compiler was unable to locate the routine.

CC-3021 CC: IPA OutputFile, File = stl_list.h, Line = 131, Column = 25 
  "~basic_string" was not inlined because the compiler was unable to locate the routine.

CC-3021 CC: IPA OutputFile, File = stl_list.h, Line = 131, Column = 25 
  "~basic_string" was not inlined because the compiler was unable to locate the routine.

CC-3021 CC: IPA OutputFile, File = stl_list.h, Line = 131, Column = 25 
  "~basic_string" was not inlined because the compiler was unable to locate the routine.

CC-3021 CC: IPA OutputFile, File = stl_list.h, Line = 131, Column = 25 
  "~basic_string" was not inlined because the compiler was unable to locate the routine.

CC-3118 CC: IPA OutputFile, File = stl_list.h, Line = 131, Column = 25 
  "~list"(/cray/css/users/smehta/hpcg-orig/src/OutputFile.cpp:834) was not inlined because the call site will not flatten. 
  "__cxa_call_unexpected" is missing.

CC-3118 CC: IPA <unnamed>, File = stl_list.h, Line = 131, Column = 25 
  "OutputFile"(/cray/css/users/smehta/hpcg-orig/src/OutputFile.cpp:28) was not inlined because the call site will not flatten. 
  "__cxa_call_unexpected" is missing.

CC-3021 CC: IPA OutputFile, File = stl_list.h, Line = 131, Column = 25 
  "~basic_string" was not inlined because the compiler was unable to locate the routine.

CC-3001 CC: IPA <unnamed>, File = stl_list.h, Line = 131, Column = 25 
  Tiny routine "~_List_impl"(/cray/css/users/smehta/hpcg-orig/src/OutputFile.cpp:382) was textually inlined.  NOT INLINED: 
  __cxa_call_unexpected.

CC-3021 CC: IPA OutputFile, File = stl_list.h, Line = 131, Column = 25 
  "~allocator" was not inlined because the compiler was unable to locate the routine.

CC-3021 CC: IPA OutputFile, File = stl_list.h, Line = 131, Column = 25 
  "~basic_string" was not inlined because the compiler was unable to locate the routine.

CC-3021 CC: IPA OutputFile, File = stl_list.h, Line = 131, Column = 25 
  "~allocator" was not inlined because the compiler was unable to locate the routine.

CC-3001 CC: IPA <unnamed>, File = stl_list.h, Line = 131, Column = 25 
  Tiny routine "list"(/cray/css/users/smehta/hpcg-orig/src/OutputFile.cpp:680) was textually inlined.  NOT INLINED: 
  __cxa_call_unexpected.

CC-3021 CC: IPA OutputFile, File = stl_list.h, Line = 131, Column = 25 
  "~basic_string" was not inlined because the compiler was unable to locate the routine.

CC-3021 CC: IPA OutputFile, File = stl_list.h, Line = 131, Column = 25 
  "~basic_string" was not inlined because the compiler was unable to locate the routine.

CC-3021 CC: IPA OutputFile, File = stl_list.h, Line = 131, Column = 25 
  "~basic_string" was not inlined because the compiler was unable to locate the routine.

CC-3021 CC: IPA OutputFile, File = stl_list.h, Line = 131, Column = 25 
  "~basic_string" was not inlined because the compiler was unable to locate the routine.

CC-3118 CC: IPA OutputFile, File = stl_list.h, Line = 131, Column = 25 
  "~list"(/cray/css/users/smehta/hpcg-orig/src/OutputFile.cpp:834) was not inlined because the call site will not flatten. 
  "__cxa_call_unexpected" is missing.

CC-3118 CC: IPA <unnamed>, File = stl_list.h, Line = 131, Column = 25 
  "OutputFile"(/cray/css/users/smehta/hpcg-orig/src/OutputFile.cpp:31) was not inlined because the call site will not flatten. 
  "__cxa_call_unexpected" is missing.

CC-3118 CC: IPA <unnamed>, File = stl_list.h, Line = 131, Column = 25 
  "~list"(/cray/css/users/smehta/hpcg-orig/src/OutputFile.cpp:834) was not inlined because the call site will not flatten. 
  "__cxa_call_unexpected" is missing.

CC-3039 CC: IPA <unnamed>, File = stl_list.h, Line = 131, Column = 25 
  "~OutputFile"(/cray/css/users/smehta/hpcg-orig/src/OutputFile.cpp:33) was not inlined because there is a recursive call.

CC-3021 CC: IPA add, File = stl_list.h, Line = 131, Column = 25 
  "~basic_string" was not inlined because the compiler was unable to locate the routine.

CC-3021 CC: IPA add, File = stl_list.h, Line = 131, Column = 25 
  "<unnamed>" was not inlined because the compiler was unable to locate the routine.

CC-6263 CC: VECTOR <unnamed>, File = list.tcc, Line = 70 
  A loop was not vectorized because it contains a reference to a non-vector intrinsic on line 70.

CC-3001 CC: IPA <unnamed>, File = list.tcc, Line = 70, Column = 34 
  Tiny routine "~_List_base"(/cray/css/users/smehta/hpcg-orig/src/OutputFile.cpp:505) was textually inlined.  NOT INLINED: 
  __cxa_call_unexpected.

CC-3001 CC: IPA <unnamed>, File = list.tcc, Line = 70, Column = 34 
  Tiny leaf routine "_List_iterator"(/cray/css/users/smehta/hpcg-orig/src/OutputFile.cpp:200) was textually inlined.

CC-3021 CC: IPA OutputFile, File = OutputFile.cpp, Line = 29, Column = 5 
  "basic_string" was not inlined because the compiler was unable to locate the routine.

CC-3021 CC: IPA OutputFile, File = OutputFile.cpp, Line = 29, Column = 21 
  "basic_string" was not inlined because the compiler was unable to locate the routine.

CC-3021 CC: IPA OutputFile, File = OutputFile.cpp, Line = 29, Column = 43 
  "allocator" was not inlined because the compiler was unable to locate the routine.

CC-3021 CC: IPA OutputFile, File = OutputFile.cpp, Line = 29, Column = 43 
  "basic_string" was not inlined because the compiler was unable to locate the routine.

CC-3021 CC: IPA OutputFile, File = OutputFile.cpp, Line = 29, Column = 43 
  "~allocator" was not inlined because the compiler was unable to locate the routine.

CC-3021 CC: IPA OutputFile, File = OutputFile.cpp, Line = 29, Column = 54 
  "allocator" was not inlined because the compiler was unable to locate the routine.

CC-3021 CC: IPA OutputFile, File = OutputFile.cpp, Line = 29, Column = 54 
  "basic_string" was not inlined because the compiler was unable to locate the routine.

CC-3021 CC: IPA OutputFile, File = OutputFile.cpp, Line = 29, Column = 54 
  "~allocator" was not inlined because the compiler was unable to locate the routine.

CC-3001 CC: IPA OutputFile, File = OutputFile.cpp, Line = 29, Column = 73 
  Tiny routine "list"(/cray/css/users/smehta/hpcg-orig/src/OutputFile.cpp:680) was textually inlined.  NOT INLINED: 
  __cxa_call_unexpected.

CC-3021 CC: IPA OutputFile, File = OutputFile.cpp, Line = 29, Column = 73 
  "basic_string" was not inlined because the compiler was unable to locate the routine.

CC-3021 CC: IPA OutputFile, File = OutputFile.cpp, Line = 29, Column = 73 
  "basic_string" was not inlined because the compiler was unable to locate the routine.

CC-3021 CC: IPA OutputFile, File = OutputFile.cpp, Line = 31, Column = 32 
  "allocator" was not inlined because the compiler was unable to locate the routine.

CC-3021 CC: IPA OutputFile, File = OutputFile.cpp, Line = 31, Column = 32 
  "basic_string" was not inlined because the compiler was unable to locate the routine.

CC-3021 CC: IPA OutputFile, File = OutputFile.cpp, Line = 31, Column = 32 
  "~allocator" was not inlined because the compiler was unable to locate the routine.

CC-3021 CC: IPA OutputFile, File = OutputFile.cpp, Line = 31, Column = 43 
  "allocator" was not inlined because the compiler was unable to locate the routine.

CC-3021 CC: IPA OutputFile, File = OutputFile.cpp, Line = 31, Column = 43 
  "basic_string" was not inlined because the compiler was unable to locate the routine.

CC-3021 CC: IPA OutputFile, File = OutputFile.cpp, Line = 31, Column = 43 
  "~allocator" was not inlined because the compiler was unable to locate the routine.

CC-3001 CC: IPA OutputFile, File = OutputFile.cpp, Line = 31, Column = 62 
  Tiny routine "list"(/cray/css/users/smehta/hpcg-orig/src/OutputFile.cpp:680) was textually inlined.  NOT INLINED: 
  __cxa_call_unexpected.

CC-3021 CC: IPA OutputFile, File = OutputFile.cpp, Line = 31, Column = 62 
  "basic_string" was not inlined because the compiler was unable to locate the routine.

CC-3021 CC: IPA OutputFile, File = OutputFile.cpp, Line = 31, Column = 62 
  "basic_string" was not inlined because the compiler was unable to locate the routine.

CC-3021 CC: IPA OutputFile, File = OutputFile.cpp, Line = 31, Column = 62 
  "basic_string" was not inlined because the compiler was unable to locate the routine.

CC-3021 CC: IPA OutputFile, File = OutputFile.cpp, Line = 31, Column = 62 
  "basic_string" was not inlined because the compiler was unable to locate the routine.

CC-6287 CC: VECTOR ~OutputFile, File = OutputFile.cpp, Line = 34 
  A loop was not vectorized because it contains a call to function "OutputFile::~OutputFile" on line 35.

CC-3001 CC: IPA ~OutputFile, File = OutputFile.cpp, Line = 34, Column = 3 
  Tiny routine "end"(/cray/css/users/smehta/hpcg-orig/src/OutputFile.cpp:970) was textually inlined and flattened.

CC-3001 CC: IPA ~OutputFile, File = OutputFile.cpp, Line = 34, Column = 3 
  Tiny leaf routine "operator!="(/cray/css/users/smehta/hpcg-orig/src/OutputFile.cpp:251) was textually inlined.

CC-3001 CC: IPA ~OutputFile, File = OutputFile.cpp, Line = 34, Column = 3 
  Tiny routine "end"(/cray/css/users/smehta/hpcg-orig/src/OutputFile.cpp:970) was textually inlined and flattened.

CC-3001 CC: IPA ~OutputFile, File = OutputFile.cpp, Line = 34, Column = 3 
  Tiny leaf routine "operator!="(/cray/css/users/smehta/hpcg-orig/src/OutputFile.cpp:251) was textually inlined.

CC-3001 CC: IPA ~OutputFile, File = OutputFile.cpp, Line = 34, Column = 39 
  Tiny routine "begin"(/cray/css/users/smehta/hpcg-orig/src/OutputFile.cpp:952) was textually inlined and flattened.

CC-3001 CC: IPA ~OutputFile, File = OutputFile.cpp, Line = 35, Column = 5 
  Tiny routine "operator*"(/cray/css/users/smehta/hpcg-orig/src/OutputFile.cpp:209) was textually inlined and flattened.

CC-3039 CC: IPA ~OutputFile, File = OutputFile.cpp, Line = 35, Column = 5 
  "~OutputFile"(/cray/css/users/smehta/hpcg-orig/src/OutputFile.cpp:33) was not inlined because there is a recursive call.

CC-3001 CC: IPA ~OutputFile, File = OutputFile.cpp, Line = 35, Column = 5 
  Tiny routine "operator delete"(/cray/css/users/smehta/hpcg-orig/src/OutputFile.cpp:208) was textually inlined and flattened.

CC-3021 CC: IPA ~OutputFile, File = OutputFile.cpp, Line = 37, Column = 1 
  "~basic_string" was not inlined because the compiler was unable to locate the routine.

CC-3021 CC: IPA ~OutputFile, File = OutputFile.cpp, Line = 37, Column = 1 
  "~basic_string" was not inlined because the compiler was unable to locate the routine.

CC-3021 CC: IPA ~OutputFile, File = OutputFile.cpp, Line = 37, Column = 1 
  "~basic_string" was not inlined because the compiler was unable to locate the routine.

CC-3021 CC: IPA ~OutputFile, File = OutputFile.cpp, Line = 37, Column = 1 
  "~basic_string" was not inlined because the compiler was unable to locate the routine.

CC-3021 CC: IPA ~OutputFile, File = OutputFile.cpp, Line = 37, Column = 1 
  "~basic_string" was not inlined because the compiler was unable to locate the routine.

CC-3021 CC: IPA ~OutputFile, File = OutputFile.cpp, Line = 37, Column = 1 
  "~basic_string" was not inlined because the compiler was unable to locate the routine.

CC-3118 CC: IPA ~OutputFile, File = OutputFile.cpp, Line = 37, Column = 1 
  "~list"(/cray/css/users/smehta/hpcg-orig/src/OutputFile.cpp:834) was not inlined because the call site will not flatten. 
  "__cxa_call_unexpected" is missing.

CC-3118 CC: IPA add, File = OutputFile.cpp, Line = 41, Column = 3 
  "allocKeyVal"(/cray/css/users/smehta/hpcg-orig/src/OutputFile.cpp:131) was not inlined because the call site will not flatten. 
  "_ZNSsaSERKSs" is missing.

CC-3118 CC: IPA add, File = OutputFile.cpp, Line = 41, Column = 3 
  "push_back"(/cray/css/users/smehta/hpcg-orig/src/OutputFile.cpp:1223) was not inlined because the call site will not flatten. 
  "_ZNSt8__detail15_List_node_base7_M_hookEPS0_" is missing.

CC-3021 CC: IPA add, File = OutputFile.cpp, Line = 46, Column = 16 
  "<unnamed>" was not inlined because the compiler was unable to locate the routine.

CC-3021 CC: IPA add, File = OutputFile.cpp, Line = 46, Column = 16 
  "~basic_string" was not inlined because the compiler was unable to locate the routine.

CC-3021 CC: IPA add, File = OutputFile.cpp, Line = 46, Column = 16 
  "<unnamed>" was not inlined because the compiler was unable to locate the routine.

CC-3021 CC: IPA add, File = OutputFile.cpp, Line = 47, Column = 3 
  "operator<<" was not inlined because the compiler was unable to locate the routine.

CC-3021 CC: IPA add, File = OutputFile.cpp, Line = 48, Column = 3 
  "str" was not inlined because the compiler was unable to locate the routine.

CC-3118 CC: IPA add, File = OutputFile.cpp, Line = 48, Column = 3 
  "allocKeyVal"(/cray/css/users/smehta/hpcg-orig/src/OutputFile.cpp:131) was not inlined because the call site will not flatten. 
  "_ZNSsaSERKSs" is missing.

CC-3118 CC: IPA add, File = OutputFile.cpp, Line = 48, Column = 3 
  "push_back"(/cray/css/users/smehta/hpcg-orig/src/OutputFile.cpp:1223) was not inlined because the call site will not flatten. 
  "_ZNSt8__detail15_List_node_base7_M_hookEPS0_" is missing.

CC-3021 CC: IPA add, File = OutputFile.cpp, Line = 48, Column = 3 
  "~basic_string" was not inlined because the compiler was unable to locate the routine.

CC-3021 CC: IPA add, File = OutputFile.cpp, Line = 53, Column = 16 
  "<unnamed>" was not inlined because the compiler was unable to locate the routine.

CC-3021 CC: IPA add, File = OutputFile.cpp, Line = 53, Column = 16 
  "~basic_string" was not inlined because the compiler was unable to locate the routine.

CC-3021 CC: IPA add, File = OutputFile.cpp, Line = 53, Column = 16 
  "<unnamed>" was not inlined because the compiler was unable to locate the routine.

CC-3021 CC: IPA add, File = OutputFile.cpp, Line = 54, Column = 3 
  "operator<<" was not inlined because the compiler was unable to locate the routine.

CC-3021 CC: IPA add, File = OutputFile.cpp, Line = 55, Column = 3 
  "str" was not inlined because the compiler was unable to locate the routine.

CC-3118 CC: IPA add, File = OutputFile.cpp, Line = 55, Column = 3 
  "allocKeyVal"(/cray/css/users/smehta/hpcg-orig/src/OutputFile.cpp:131) was not inlined because the call site will not flatten. 
  "_ZNSsaSERKSs" is missing.

CC-3118 CC: IPA add, File = OutputFile.cpp, Line = 55, Column = 3 
  "push_back"(/cray/css/users/smehta/hpcg-orig/src/OutputFile.cpp:1223) was not inlined because the call site will not flatten. 
  "_ZNSt8__detail15_List_node_base7_M_hookEPS0_" is missing.

CC-3021 CC: IPA add, File = OutputFile.cpp, Line = 55, Column = 3 
  "~basic_string" was not inlined because the compiler was unable to locate the routine.

CC-3021 CC: IPA add, File = OutputFile.cpp, Line = 62, Column = 16 
  "<unnamed>" was not inlined because the compiler was unable to locate the routine.

CC-3021 CC: IPA add, File = OutputFile.cpp, Line = 62, Column = 16 
  "~basic_string" was not inlined because the compiler was unable to locate the routine.

CC-3021 CC: IPA add, File = OutputFile.cpp, Line = 62, Column = 16 
  "<unnamed>" was not inlined because the compiler was unable to locate the routine.

CC-3021 CC: IPA add, File = OutputFile.cpp, Line = 63, Column = 3 
  "operator<<" was not inlined because the compiler was unable to locate the routine.

CC-3021 CC: IPA add, File = OutputFile.cpp, Line = 64, Column = 3 
  "str" was not inlined because the compiler was unable to locate the routine.

CC-3118 CC: IPA add, File = OutputFile.cpp, Line = 64, Column = 3 
  "allocKeyVal"(/cray/css/users/smehta/hpcg-orig/src/OutputFile.cpp:131) was not inlined because the call site will not flatten. 
  "_ZNSsaSERKSs" is missing.

CC-3118 CC: IPA add, File = OutputFile.cpp, Line = 64, Column = 3 
  "push_back"(/cray/css/users/smehta/hpcg-orig/src/OutputFile.cpp:1223) was not inlined because the call site will not flatten. 
  "_ZNSt8__detail15_List_node_base7_M_hookEPS0_" is missing.

CC-3021 CC: IPA add, File = OutputFile.cpp, Line = 64, Column = 3 
  "~basic_string" was not inlined because the compiler was unable to locate the routine.

CC-3021 CC: IPA generateRecursive, File = OutputFile.cpp, Line = 71, Column = 16 
  "~basic_string" was not inlined because the compiler was unable to locate the routine.

CC-3021 CC: IPA generateRecursive, File = OutputFile.cpp, Line = 71, Column = 16 
  "~basic_string" was not inlined because the compiler was unable to locate the routine.

CC-3021 CC: IPA generateRecursive, File = OutputFile.cpp, Line = 71, Column = 16 
  "~basic_string" was not inlined because the compiler was unable to locate the routine.

CC-3021 CC: IPA generateRecursive, File = OutputFile.cpp, Line = 71, Column = 16 
  "~basic_string" was not inlined because the compiler was unable to locate the routine.

CC-3021 CC: IPA generateRecursive, File = OutputFile.cpp, Line = 71, Column = 16 
  "~basic_string" was not inlined because the compiler was unable to locate the routine.

CC-3021 CC: IPA generateRecursive, File = OutputFile.cpp, Line = 71, Column = 16 
  "~basic_string" was not inlined because the compiler was unable to locate the routine.

CC-3021 CC: IPA generateRecursive, File = OutputFile.cpp, Line = 71, Column = 16 
  "~basic_string" was not inlined because the compiler was unable to locate the routine.

CC-3021 CC: IPA generateRecursive, File = OutputFile.cpp, Line = 71, Column = 16 
  "~basic_string" was not inlined because the compiler was unable to locate the routine.

CC-3021 CC: IPA generateRecursive, File = OutputFile.cpp, Line = 71, Column = 16 
  "~allocator" was not inlined because the compiler was unable to locate the routine.

CC-3021 CC: IPA add, File = OutputFile.cpp, Line = 71, Column = 16 
  "<unnamed>" was not inlined because the compiler was unable to locate the routine.

CC-3021 CC: IPA add, File = OutputFile.cpp, Line = 72, Column = 3 
  "operator<<" was not inlined because the compiler was unable to locate the routine.

CC-3021 CC: IPA add, File = OutputFile.cpp, Line = 73, Column = 3 
  "str" was not inlined because the compiler was unable to locate the routine.

CC-3118 CC: IPA add, File = OutputFile.cpp, Line = 73, Column = 3 
  "allocKeyVal"(/cray/css/users/smehta/hpcg-orig/src/OutputFile.cpp:131) was not inlined because the call site will not flatten. 
  "_ZNSsaSERKSs" is missing.

CC-3118 CC: IPA add, File = OutputFile.cpp, Line = 73, Column = 3 
  "push_back"(/cray/css/users/smehta/hpcg-orig/src/OutputFile.cpp:1223) was not inlined because the call site will not flatten. 
  "_ZNSt8__detail15_List_node_base7_M_hookEPS0_" is missing.

CC-3021 CC: IPA add, File = OutputFile.cpp, Line = 73, Column = 3 
  "~basic_string" was not inlined because the compiler was unable to locate the routine.

CC-3021 CC: IPA setKeyValue, File = OutputFile.cpp, Line = 78, Column = 3 
  "operator=" was not inlined because the compiler was unable to locate the routine.

CC-3021 CC: IPA setKeyValue, File = OutputFile.cpp, Line = 79, Column = 3 
  "operator=" was not inlined because the compiler was unable to locate the routine.

CC-6287 CC: VECTOR get, File = OutputFile.cpp, Line = 84 
  A loop was not vectorized because it contains a call to function "std::basic_string<char, std::char_traits<char>,
  std::allocator<char>>::size" on line 85.

CC-3001 CC: IPA get, File = OutputFile.cpp, Line = 84, Column = 3 
  Tiny routine "end"(/cray/css/users/smehta/hpcg-orig/src/OutputFile.cpp:970) was textually inlined and flattened.

CC-3001 CC: IPA get, File = OutputFile.cpp, Line = 84, Column = 3 
  Tiny leaf routine "operator!="(/cray/css/users/smehta/hpcg-orig/src/OutputFile.cpp:251) was textually inlined.

CC-3001 CC: IPA get, File = OutputFile.cpp, Line = 84, Column = 3 
  Tiny routine "end"(/cray/css/users/smehta/hpcg-orig/src/OutputFile.cpp:970) was textually inlined and flattened.

CC-3001 CC: IPA get, File = OutputFile.cpp, Line = 84, Column = 3 
  Tiny leaf routine "operator!="(/cray/css/users/smehta/hpcg-orig/src/OutputFile.cpp:251) was textually inlined.

CC-3001 CC: IPA get, File = OutputFile.cpp, Line = 84, Column = 39 
  Tiny routine "begin"(/cray/css/users/smehta/hpcg-orig/src/OutputFile.cpp:952) was textually inlined and flattened.

CC-3001 CC: IPA get, File = OutputFile.cpp, Line = 84, Column = 80 
  Tiny leaf routine "operator++"(/cray/css/users/smehta/hpcg-orig/src/OutputFile.cpp:217) was textually inlined.

CC-3001 CC: IPA get, File = OutputFile.cpp, Line = 85, Column = 5 
  Tiny routine "operator*"(/cray/css/users/smehta/hpcg-orig/src/OutputFile.cpp:209) was textually inlined and flattened.

CC-3001 CC: IPA get, File = OutputFile.cpp, Line = 85, Column = 5 
  Tiny routine "operator==<char>"(/cray/css/users/smehta/hpcg-orig/src/OutputFile.cpp:6017) was textually inlined.  NOT INLINED: 
  size : size : data : data : memcmp.

CC-3001 CC: IPA get, File = OutputFile.cpp, Line = 86, Column = 7 
  Tiny routine "operator*"(/cray/css/users/smehta/hpcg-orig/src/OutputFile.cpp:209) was textually inlined and flattened.

CC-3021 CC: IPA generate, File = OutputFile.cpp, Line = 94, Column = 10 
  "~basic_string" was not inlined because the compiler was unable to locate the routine.

CC-3021 CC: IPA generate, File = OutputFile.cpp, Line = 94, Column = 10 
  "~basic_string" was not inlined because the compiler was unable to locate the routine.

CC-3021 CC: IPA generate, File = OutputFile.cpp, Line = 94, Column = 10 
  "~allocator" was not inlined because the compiler was unable to locate the routine.

CC-3021 CC: IPA generate, File = OutputFile.cpp, Line = 94, Column = 10 
  "<unnamed>" was not inlined because the compiler was unable to locate the routine.

CC-3021 CC: IPA generate, File = OutputFile.cpp, Line = 94, Column = 10 
  "~basic_string" was not inlined because the compiler was unable to locate the routine.

CC-3021 CC: IPA generate, File = OutputFile.cpp, Line = 94, Column = 10 
  "~basic_string" was not inlined because the compiler was unable to locate the routine.

CC-3021 CC: IPA generate, File = OutputFile.cpp, Line = 94, Column = 10 
  "~allocator" was not inlined because the compiler was unable to locate the routine.

CC-3021 CC: IPA generate, File = OutputFile.cpp, Line = 94, Column = 10 
  "~basic_string" was not inlined because the compiler was unable to locate the routine.

CC-3021 CC: IPA generate, File = OutputFile.cpp, Line = 94, Column = 10 
  "~basic_string" was not inlined because the compiler was unable to locate the routine.

CC-3021 CC: IPA generate, File = OutputFile.cpp, Line = 94, Column = 10 
  "~basic_string" was not inlined because the compiler was unable to locate the routine.

CC-3021 CC: IPA generate, File = OutputFile.cpp, Line = 94, Column = 10 
  "~basic_string" was not inlined because the compiler was unable to locate the routine.

CC-3021 CC: IPA generate, File = OutputFile.cpp, Line = 94, Column = 10 
  "~basic_string" was not inlined because the compiler was unable to locate the routine.

CC-3021 CC: IPA generate, File = OutputFile.cpp, Line = 94, Column = 10 
  "~basic_string" was not inlined because the compiler was unable to locate the routine.

CC-3021 CC: IPA generateRecursive, File = OutputFile.cpp, Line = 94, Column = 17 
  "allocator" was not inlined because the compiler was unable to locate the routine.

CC-3021 CC: IPA generateRecursive, File = OutputFile.cpp, Line = 94, Column = 17 
  "basic_string" was not inlined because the compiler was unable to locate the routine.

CC-3021 CC: IPA generateRecursive, File = OutputFile.cpp, Line = 94, Column = 17 
  "~allocator" was not inlined because the compiler was unable to locate the routine.

CC-3165 CC: IPA generateRecursive, File = OutputFile.cpp, Line = 96, Column = 3 
  "operator+<char, char_traits<char>, allocator<char>>"(/cray/css/users/smehta/hpcg-orig/src/OutputFile.cpp:5888) was not inlined
  because of deferred implementation - nested Call_Landing_Label_Opr.

CC-3001 CC: IPA generateRecursive, File = OutputFile.cpp, Line = 96, Column = 3 
  Tiny routine "operator+<char, char_traits<char>, allocator<char>>"(/cray/css/users/smehta/hpcg-orig/src/OutputFile.cpp:5989) was
  textually inlined.  NOT INLINED:  append : basic_string.

CC-3001 CC: IPA generateRecursive, File = OutputFile.cpp, Line = 96, Column = 3 
  Tiny routine "operator+<char, char_traits<char>, allocator<char>>"(/cray/css/users/smehta/hpcg-orig/src/OutputFile.cpp:5953) was
  textually inlined.  NOT INLINED:  append : basic_string.

CC-3001 CC: IPA generateRecursive, File = OutputFile.cpp, Line = 96, Column = 3 
  Tiny routine "operator+<char, char_traits<char>, allocator<char>>"(/cray/css/users/smehta/hpcg-orig/src/OutputFile.cpp:5953) was
  textually inlined.  NOT INLINED:  append : basic_string.

CC-3021 CC: IPA generateRecursive, File = OutputFile.cpp, Line = 96, Column = 3 
  "operator+=" was not inlined because the compiler was unable to locate the routine.

CC-3021 CC: IPA generateRecursive, File = OutputFile.cpp, Line = 96, Column = 3 
  "~basic_string" was not inlined because the compiler was unable to locate the routine.

CC-3021 CC: IPA generateRecursive, File = OutputFile.cpp, Line = 96, Column = 3 
  "~basic_string" was not inlined because the compiler was unable to locate the routine.

CC-3021 CC: IPA generateRecursive, File = OutputFile.cpp, Line = 96, Column = 3 
  "~basic_string" was not inlined because the compiler was unable to locate the routine.

CC-3021 CC: IPA generateRecursive, File = OutputFile.cpp, Line = 96, Column = 3 
  "~basic_string" was not inlined because the compiler was unable to locate the routine.

CC-6287 CC: VECTOR generateRecursive, File = OutputFile.cpp, Line = 98 
  A loop was not vectorized because it contains a call to function "std::basic_string<T1, T2, T3> std::operator +<char,
  std::char_traits<char>, std::allocator<char>>" on line 99.

CC-3001 CC: IPA generateRecursive, File = OutputFile.cpp, Line = 98, Column = 3 
  Tiny routine "end"(/cray/css/users/smehta/hpcg-orig/src/OutputFile.cpp:970) was textually inlined and flattened.

CC-3001 CC: IPA generateRecursive, File = OutputFile.cpp, Line = 98, Column = 3 
  Tiny leaf routine "operator!="(/cray/css/users/smehta/hpcg-orig/src/OutputFile.cpp:251) was textually inlined.

CC-3001 CC: IPA generateRecursive, File = OutputFile.cpp, Line = 98, Column = 3 
  Tiny routine "end"(/cray/css/users/smehta/hpcg-orig/src/OutputFile.cpp:970) was textually inlined and flattened.

CC-3001 CC: IPA generateRecursive, File = OutputFile.cpp, Line = 98, Column = 3 
  Tiny leaf routine "operator!="(/cray/css/users/smehta/hpcg-orig/src/OutputFile.cpp:251) was textually inlined.

CC-3001 CC: IPA generateRecursive, File = OutputFile.cpp, Line = 98, Column = 39 
  Tiny routine "begin"(/cray/css/users/smehta/hpcg-orig/src/OutputFile.cpp:952) was textually inlined and flattened.

CC-3001 CC: IPA generateRecursive, File = OutputFile.cpp, Line = 98, Column = 80 
  Tiny leaf routine "operator++"(/cray/css/users/smehta/hpcg-orig/src/OutputFile.cpp:217) was textually inlined.

CC-3001 CC: IPA generateRecursive, File = OutputFile.cpp, Line = 99, Column = 5 
  Tiny routine "operator*"(/cray/css/users/smehta/hpcg-orig/src/OutputFile.cpp:209) was textually inlined and flattened.

CC-3165 CC: IPA generateRecursive, File = OutputFile.cpp, Line = 99, Column = 5 
  "operator+<char, char_traits<char>, allocator<char>>"(/cray/css/users/smehta/hpcg-orig/src/OutputFile.cpp:5888) was not inlined
  because of deferred implementation - nested Call_Landing_Label_Opr.

CC-3001 CC: IPA generateRecursive, File = OutputFile.cpp, Line = 99, Column = 5 
  Tiny routine "operator+<char, char_traits<char>, allocator<char>>"(/cray/css/users/smehta/hpcg-orig/src/OutputFile.cpp:5953) was
  textually inlined.  NOT INLINED:  append : basic_string.

CC-3039 CC: IPA generateRecursive, File = OutputFile.cpp, Line = 99, Column = 5 
  "generateRecursive"(/cray/css/users/smehta/hpcg-orig/src/OutputFile.cpp:93) was not inlined because there is a recursive call.

CC-3021 CC: IPA generateRecursive, File = OutputFile.cpp, Line = 99, Column = 5 
  "operator+=" was not inlined because the compiler was unable to locate the routine.

CC-3021 CC: IPA generateRecursive, File = OutputFile.cpp, Line = 99, Column = 5 
  "~basic_string" was not inlined because the compiler was unable to locate the routine.

CC-3021 CC: IPA generateRecursive, File = OutputFile.cpp, Line = 99, Column = 5 
  "~basic_string" was not inlined because the compiler was unable to locate the routine.

CC-3021 CC: IPA generateRecursive, File = OutputFile.cpp, Line = 99, Column = 5 
  "~basic_string" was not inlined because the compiler was unable to locate the routine.

CC-3001 CC: IPA generate, File = OutputFile.cpp, Line = 107, Column = 17 
  Tiny routine "operator+<char, char_traits<char>, allocator<char>>"(/cray/css/users/smehta/hpcg-orig/src/OutputFile.cpp:5925) was
  textually inlined.  NOT INLINED:  basic_string : append : ~basic_string.

CC-3001 CC: IPA generate, File = OutputFile.cpp, Line = 107, Column = 17 
  Tiny routine "operator+<char, char_traits<char>, allocator<char>>"(/cray/css/users/smehta/hpcg-orig/src/OutputFile.cpp:5953) was
  textually inlined.  NOT INLINED:  append : basic_string.

CC-3001 CC: IPA generate, File = OutputFile.cpp, Line = 107, Column = 17 
  Tiny routine "operator+<char, char_traits<char>, allocator<char>>"(/cray/css/users/smehta/hpcg-orig/src/OutputFile.cpp:5953) was
  textually inlined.  NOT INLINED:  append : basic_string.

CC-3021 CC: IPA generate, File = OutputFile.cpp, Line = 107, Column = 17 
  "~basic_string" was not inlined because the compiler was unable to locate the routine.

CC-3021 CC: IPA generate, File = OutputFile.cpp, Line = 107, Column = 17 
  "~basic_string" was not inlined because the compiler was unable to locate the routine.

CC-6287 CC: VECTOR generate, File = OutputFile.cpp, Line = 109 
  A loop was not vectorized because it contains a call to function "OutputFile::generateRecursive" on line 110.

CC-3001 CC: IPA generate, File = OutputFile.cpp, Line = 109, Column = 3 
  Tiny routine "end"(/cray/css/users/smehta/hpcg-orig/src/OutputFile.cpp:970) was textually inlined and flattened.

CC-3001 CC: IPA generate, File = OutputFile.cpp, Line = 109, Column = 3 
  Tiny leaf routine "operator!="(/cray/css/users/smehta/hpcg-orig/src/OutputFile.cpp:251) was textually inlined.

CC-3001 CC: IPA generate, File = OutputFile.cpp, Line = 109, Column = 3 
  Tiny routine "end"(/cray/css/users/smehta/hpcg-orig/src/OutputFile.cpp:970) was textually inlined and flattened.

CC-3001 CC: IPA generate, File = OutputFile.cpp, Line = 109, Column = 3 
  Tiny leaf routine "operator!="(/cray/css/users/smehta/hpcg-orig/src/OutputFile.cpp:251) was textually inlined.

CC-3001 CC: IPA generate, File = OutputFile.cpp, Line = 109, Column = 39 
  Tiny routine "begin"(/cray/css/users/smehta/hpcg-orig/src/OutputFile.cpp:952) was textually inlined and flattened.

CC-3001 CC: IPA generate, File = OutputFile.cpp, Line = 109, Column = 80 
  Tiny leaf routine "operator++"(/cray/css/users/smehta/hpcg-orig/src/OutputFile.cpp:217) was textually inlined.

CC-3001 CC: IPA generate, File = OutputFile.cpp, Line = 110, Column = 5 
  Tiny routine "operator*"(/cray/css/users/smehta/hpcg-orig/src/OutputFile.cpp:209) was textually inlined and flattened.

CC-3021 CC: IPA generate, File = OutputFile.cpp, Line = 110, Column = 5 
  "allocator" was not inlined because the compiler was unable to locate the routine.

CC-3021 CC: IPA generate, File = OutputFile.cpp, Line = 110, Column = 5 
  "basic_string" was not inlined because the compiler was unable to locate the routine.

CC-3039 CC: IPA generate, File = OutputFile.cpp, Line = 110, Column = 5 
  "generateRecursive"(/cray/css/users/smehta/hpcg-orig/src/OutputFile.cpp:93) was not inlined because there is a recursive call.

CC-3021 CC: IPA generate, File = OutputFile.cpp, Line = 110, Column = 5 
  "operator+=" was not inlined because the compiler was unable to locate the routine.

CC-3021 CC: IPA generate, File = OutputFile.cpp, Line = 110, Column = 5 
  "~basic_string" was not inlined because the compiler was unable to locate the routine.

CC-3021 CC: IPA generate, File = OutputFile.cpp, Line = 110, Column = 5 
  "~basic_string" was not inlined because the compiler was unable to locate the routine.

CC-3021 CC: IPA generate, File = OutputFile.cpp, Line = 110, Column = 5 
  "~allocator" was not inlined because the compiler was unable to locate the routine.

CC-3021 CC: IPA generate, File = OutputFile.cpp, Line = 114, Column = 3 
  "time" was not inlined because the compiler was unable to locate the routine.

CC-3021 CC: IPA generate, File = OutputFile.cpp, Line = 115, Column = 12 
  "localtime" was not inlined because the compiler was unable to locate the routine.

CC-3021 CC: IPA generate, File = OutputFile.cpp, Line = 118, Column = 3 
  "sprintf" was not inlined because the compiler was unable to locate the routine.

CC-3165 CC: IPA generate, File = OutputFile.cpp, Line = 121, Column = 10 
  "operator+<char, char_traits<char>, allocator<char>>"(/cray/css/users/smehta/hpcg-orig/src/OutputFile.cpp:5925) was not inlined
  because of deferred implementation - nested Call_Landing_Label_Opr.

CC-3001 CC: IPA generate, File = OutputFile.cpp, Line = 121, Column = 10 
  Tiny routine "operator+<char, char_traits<char>, allocator<char>>"(/cray/css/users/smehta/hpcg-orig/src/OutputFile.cpp:5953) was
  textually inlined.  NOT INLINED:  append : basic_string.

CC-3001 CC: IPA generate, File = OutputFile.cpp, Line = 121, Column = 10 
  Tiny routine "operator+<char, char_traits<char>, allocator<char>>"(/cray/css/users/smehta/hpcg-orig/src/OutputFile.cpp:5989) was
  textually inlined.  NOT INLINED:  append : basic_string.

CC-3021 CC: IPA generate, File = OutputFile.cpp, Line = 121, Column = 10 
  "~basic_string" was not inlined because the compiler was unable to locate the routine.

CC-3021 CC: IPA generate, File = OutputFile.cpp, Line = 121, Column = 10 
  "~basic_string" was not inlined because the compiler was unable to locate the routine.

CC-3021 CC: IPA generate, File = OutputFile.cpp, Line = 122, Column = 3 
  "allocator" was not inlined because the compiler was unable to locate the routine.

CC-3021 CC: IPA generate, File = OutputFile.cpp, Line = 122, Column = 3 
  "basic_string" was not inlined because the compiler was unable to locate the routine.

CC-3001 CC: IPA generate, File = OutputFile.cpp, Line = 122, Column = 3 
  Tiny routine "operator+<char, char_traits<char>, allocator<char>>"(/cray/css/users/smehta/hpcg-orig/src/OutputFile.cpp:5989) was
  textually inlined.  NOT INLINED:  append : basic_string.

CC-3021 CC: IPA generate, File = OutputFile.cpp, Line = 122, Column = 3 
  "operator+=" was not inlined because the compiler was unable to locate the routine.

CC-3021 CC: IPA generate, File = OutputFile.cpp, Line = 122, Column = 3 
  "~basic_string" was not inlined because the compiler was unable to locate the routine.

CC-3021 CC: IPA generate, File = OutputFile.cpp, Line = 122, Column = 3 
  "~basic_string" was not inlined because the compiler was unable to locate the routine.

CC-3021 CC: IPA generate, File = OutputFile.cpp, Line = 122, Column = 3 
  "~allocator" was not inlined because the compiler was unable to locate the routine.

CC-3019 CC: IPA allocKeyVal, File = OutputFile.cpp, Line = 124, Column = 12 
  "operator delete"(/cray/css/users/smehta/hpcg-orig/src/OutputFile.cpp:208) was not inlined because the argument count is not
  equal between call site and callee definition.

CC-3021 CC: IPA generate, File = OutputFile.cpp, Line = 124, Column = 12 
  "c_str" was not inlined because the compiler was unable to locate the routine.

CC-3021 CC: IPA generate, File = OutputFile.cpp, Line = 124, Column = 12 
  "<unnamed>" was not inlined because the compiler was unable to locate the routine.

CC-3021 CC: IPA generate, File = OutputFile.cpp, Line = 125, Column = 3 
  "operator<<<char, char_traits<char>, allocator<char>>" was not inlined because the compiler was unable to locate the routine.

CC-3021 CC: IPA generate, File = OutputFile.cpp, Line = 126, Column = 3 
  "close" was not inlined because the compiler was unable to locate the routine.

CC-3021 CC: IPA generate, File = OutputFile.cpp, Line = 128, Column = 3 
  "<unnamed>" was not inlined because the compiler was unable to locate the routine.

CC-3021 CC: IPA generate, File = OutputFile.cpp, Line = 128, Column = 3 
  "~basic_string" was not inlined because the compiler was unable to locate the routine.

CC-3021 CC: IPA allocKeyVal, File = OutputFile.cpp, Line = 132, Column = 16 
  "operator new" was not inlined because the compiler was unable to locate the routine.

CC-3118 CC: IPA allocKeyVal, File = OutputFile.cpp, Line = 132, Column = 16 
  "OutputFile"(/cray/css/users/smehta/hpcg-orig/src/OutputFile.cpp:31) was not inlined because the call site will not flatten. 
  "__cxa_call_unexpected" is missing.

CC-3001 CC: IPA allocKeyVal, File = OutputFile.cpp, Line = 133, Column = 3 
  Tiny routine "setKeyValue"(/cray/css/users/smehta/hpcg-orig/src/OutputFile.cpp:77) was textually inlined.  NOT INLINED: 
  operator= : operator=.


%%%%%%%%%%%%%%%%%%%%%%%%%%%%%%%%%%%%%%%%%%%%%%%%%%%%%%%%%%%%%%%%%%%%%%%%%%%%%%%%
%%%%%%%%%%%%%%%%%%%%%%%%%%%%%%%%%%%%%%%%%%%%%%%%%%%%%%%%%%%%%%%%%%%%%%%%%%%%%%%%
